0 info it worked if it ends with ok
1 verbose cli [ 'C:\\Program Files\\nodejs\\node.exe',
1 verbose cli   'C:\\Program Files\\nodejs\\node_modules\\npm\\bin\\npm-cli.js',
1 verbose cli   'run',
1 verbose cli   'start' ]
2 info using npm@3.10.10
3 info using node@v6.10.2
4 verbose run-script [ 'prestart', 'start', 'poststart' ]
5 info lifecycle jinni@0.0.1~prestart: jinni@0.0.1
6 silly lifecycle jinni@0.0.1~prestart: no script for prestart, continuing
7 info lifecycle jinni@0.0.1~start: jinni@0.0.1
8 verbose lifecycle jinni@0.0.1~start: unsafe-perm in lifecycle true
9 verbose lifecycle jinni@0.0.1~start: PATH: C:\Program Files\nodejs\node_modules\npm\bin\node-gyp-bin;C:\dev\jinni\node_modules\.bin;C:\cygwin64\usr\local\bin;C:\cygwin64\bin;C:\ProgramData\Oracle\Java\javapath;C:\Program Files\Java\jdk1.8.0_121\bin;C:\WINDOWS\system32;C:\WINDOWS;C:\WINDOWS\System32\Wbem;C:\WINDOWS\System32\WindowsPowerShell\v1.0;C:\WINDOWS\System32\WindowsPowerShell\v1.0;C:\Program Files (x86)\Sennheiser\SoftphoneSDK;C:\Program Files\Intel\WiFi\bin;C:\Program Files\Common Files\Intel\WirelessCommon;C:\Program Files\nodejs;C:\ProgramData\chocolatey\bin;C:\Tools\apache-ant-1.9.9\bin;C:\Users\hbowden\AppData\Roaming\npm
10 verbose lifecycle jinni@0.0.1~start: CWD: C:\dev\jinni
11 silly lifecycle jinni@0.0.1~start: Args: [ '/d /s /c', 'node src/index.js' ]
12 silly lifecycle jinni@0.0.1~start: Returned: code: 1  signal: null
13 info lifecycle jinni@0.0.1~start: Failed to exec start script
14 verbose stack Error: jinni@0.0.1 start: `node src/index.js`
14 verbose stack Exit status 1
14 verbose stack     at EventEmitter.<anonymous> (C:\Program Files\nodejs\node_modules\npm\lib\utils\lifecycle.js:255:16)
14 verbose stack     at emitTwo (events.js:106:13)
14 verbose stack     at EventEmitter.emit (events.js:191:7)
14 verbose stack     at ChildProcess.<anonymous> (C:\Program Files\nodejs\node_modules\npm\lib\utils\spawn.js:40:14)
14 verbose stack     at emitTwo (events.js:106:13)
14 verbose stack     at ChildProcess.emit (events.js:191:7)
14 verbose stack     at maybeClose (internal/child_process.js:886:16)
14 verbose stack     at Process.ChildProcess._handle.onexit (internal/child_process.js:226:5)
15 verbose pkgid jinni@0.0.1
16 verbose cwd C:\dev\jinni
17 error Windows_NT 6.1.7601
18 error argv "C:\\Program Files\\nodejs\\node.exe" "C:\\Program Files\\nodejs\\node_modules\\npm\\bin\\npm-cli.js" "run" "start"
19 error node v6.10.2
20 error npm  v3.10.10
21 error code ELIFECYCLE
22 error jinni@0.0.1 start: `node src/index.js`
22 error Exit status 1
23 error Failed at the jinni@0.0.1 start script 'node src/index.js'.
23 error Make sure you have the latest version of node.js and npm installed.
23 error If you do, this is most likely a problem with the jinni package,
23 error not with npm itself.
23 error Tell the author that this fails on your system:
23 error     node src/index.js
23 error You can get information on how to open an issue for this project with:
23 error     npm bugs jinni
23 error Or if that isn't available, you can get their info via:
23 error     npm owner ls jinni
23 error There is likely additional logging output above.
24 verbose exit [ 1, true ]
